<?xml version="1.0" encoding="UTF-8"?>
<testsuite name="MortgageTest" tests="1" skipped="0" failures="0" errors="0" timestamp="2021-06-25T19:22:28" hostname="LAPTOP-BNON6E4U" time="0.028">
  <properties/>
  <testcase name="testLoanStatus()" classname="MortgageTest" time="0.028"/>
  <system-out><![CDATA[]]></system-out>
  <system-err><![CDATA[]]></system-err>
</testsuite>
